2021-12-05 15:48:13,953 INFO: Getting the list of supported currencies from gate io
2021-12-05 15:48:14,887 INFO: List of gate io currencies saved to currencies.json. Waiting 5 minutes before refreshing list...
2021-12-05 15:48:14,888 INFO: new-coin-bot online
2021-12-05 15:48:15,692 INFO: working...
2021-12-05 15:48:15,858 INFO: New coin detected: ANY
2021-12-05 15:48:15,858 INFO: !!! LIVE MODE !!!
2021-12-05 15:48:15,858 INFO: Getting the list of supported currencies from gate io
2021-12-05 15:48:16,245 INFO: List of gate io currencies saved to currencies.json. Waiting 5 minutes before refreshing list...
2021-12-05 15:48:19,335 INFO: Checking for coin announcements every 3 seconds (in a separate thread)
2021-12-05 15:48:22,514 INFO: Checking for coin announcements every 3 seconds (in a separate thread)
2021-12-05 15:48:25,701 INFO: Checking for coin announcements every 3 seconds (in a separate thread)
2021-12-05 15:48:29,149 INFO: Checking for coin announcements every 3 seconds (in a separate thread)
2021-12-05 15:48:32,603 INFO: Checking for coin announcements every 3 seconds (in a separate thread)
2021-12-05 15:48:36,055 INFO: Checking for coin announcements every 3 seconds (in a separate thread)
2021-12-05 15:48:39,527 INFO: Checking for coin announcements every 3 seconds (in a separate thread)
2021-12-05 15:48:42,988 INFO: Checking for coin announcements every 3 seconds (in a separate thread)
2021-12-05 15:48:46,429 INFO: Checking for coin announcements every 3 seconds (in a separate thread)
2021-12-05 15:48:50,455 INFO: Checking for coin announcements every 3 seconds (in a separate thread)
2021-12-05 15:48:53,883 INFO: Checking for coin announcements every 3 seconds (in a separate thread)
2021-12-05 15:48:57,335 INFO: Checking for coin announcements every 3 seconds (in a separate thread)
2021-12-05 15:49:00,795 INFO: Checking for coin announcements every 3 seconds (in a separate thread)
2021-12-05 15:49:04,253 INFO: Checking for coin announcements every 3 seconds (in a separate thread)
2021-12-05 15:49:07,738 INFO: Checking for coin announcements every 3 seconds (in a separate thread)
2021-12-05 15:49:11,188 INFO: Checking for coin announcements every 3 seconds (in a separate thread)
2021-12-05 15:49:14,368 INFO: Checking for coin announcements every 3 seconds (in a separate thread)
2021-12-05 15:49:17,543 INFO: Checking for coin announcements every 3 seconds (in a separate thread)
2021-12-05 15:49:21,025 INFO: Checking for coin announcements every 3 seconds (in a separate thread)
2021-12-05 15:49:24,204 INFO: Checking for coin announcements every 3 seconds (in a separate thread)
2021-12-05 15:49:27,374 INFO: Checking for coin announcements every 3 seconds (in a separate thread)
2021-12-05 15:49:30,543 INFO: Checking for coin announcements every 3 seconds (in a separate thread)
2021-12-05 15:49:33,710 INFO: Checking for coin announcements every 3 seconds (in a separate thread)
2021-12-05 15:49:37,184 INFO: Checking for coin announcements every 3 seconds (in a separate thread)
2021-12-05 15:49:40,361 INFO: Checking for coin announcements every 3 seconds (in a separate thread)
2021-12-05 15:49:43,533 INFO: Checking for coin announcements every 3 seconds (in a separate thread)
2021-12-05 15:49:46,981 INFO: Checking for coin announcements every 3 seconds (in a separate thread)
2021-12-05 15:49:50,825 INFO: Checking for coin announcements every 3 seconds (in a separate thread)
2021-12-05 15:49:54,277 INFO: Checking for coin announcements every 3 seconds (in a separate thread)
2021-12-05 15:49:57,728 INFO: Checking for coin announcements every 3 seconds (in a separate thread)
2021-12-05 15:50:01,184 INFO: Checking for coin announcements every 3 seconds (in a separate thread)
2021-12-05 15:50:04,668 INFO: Checking for coin announcements every 3 seconds (in a separate thread)
2021-12-05 15:50:08,127 INFO: Checking for coin announcements every 3 seconds (in a separate thread)
2021-12-05 15:50:11,592 INFO: Checking for coin announcements every 3 seconds (in a separate thread)
2021-12-05 15:50:15,028 INFO: Checking for coin announcements every 3 seconds (in a separate thread)
2021-12-05 15:50:18,493 INFO: Checking for coin announcements every 3 seconds (in a separate thread)
2021-12-05 15:50:21,963 INFO: Checking for coin announcements every 3 seconds (in a separate thread)
2021-12-05 15:50:25,410 INFO: Checking for coin announcements every 3 seconds (in a separate thread)
2021-12-05 15:50:28,908 INFO: Checking for coin announcements every 3 seconds (in a separate thread)
2021-12-05 15:50:32,359 INFO: Checking for coin announcements every 3 seconds (in a separate thread)
2021-12-05 15:50:35,808 INFO: Checking for coin announcements every 3 seconds (in a separate thread)
2021-12-05 15:50:39,291 INFO: Checking for coin announcements every 3 seconds (in a separate thread)
2021-12-05 15:50:42,461 INFO: Checking for coin announcements every 3 seconds (in a separate thread)
2021-12-05 15:50:45,648 INFO: Checking for coin announcements every 3 seconds (in a separate thread)
2021-12-05 15:50:49,584 INFO: Checking for coin announcements every 3 seconds (in a separate thread)
2021-12-05 15:50:53,059 INFO: Checking for coin announcements every 3 seconds (in a separate thread)
2021-12-05 15:50:56,532 INFO: Checking for coin announcements every 3 seconds (in a separate thread)
2021-12-05 15:51:00,036 INFO: Checking for coin announcements every 3 seconds (in a separate thread)
2021-12-05 15:51:03,488 INFO: Checking for coin announcements every 3 seconds (in a separate thread)
2021-12-05 15:51:06,947 INFO: Checking for coin announcements every 3 seconds (in a separate thread)
2021-12-05 15:51:10,112 INFO: Checking for coin announcements every 3 seconds (in a separate thread)
2021-12-05 15:51:13,589 INFO: Checking for coin announcements every 3 seconds (in a separate thread)
2021-12-05 15:51:16,765 INFO: Checking for coin announcements every 3 seconds (in a separate thread)
2021-12-05 15:51:19,934 INFO: Checking for coin announcements every 3 seconds (in a separate thread)
2021-12-05 15:51:23,108 INFO: Checking for coin announcements every 3 seconds (in a separate thread)
2021-12-05 15:51:26,286 INFO: Checking for coin announcements every 3 seconds (in a separate thread)
2021-12-05 15:51:29,744 INFO: Checking for coin announcements every 3 seconds (in a separate thread)
2021-12-05 15:51:33,213 INFO: Checking for coin announcements every 3 seconds (in a separate thread)
2021-12-05 15:51:36,398 INFO: Checking for coin announcements every 3 seconds (in a separate thread)
2021-12-05 15:51:39,569 INFO: Checking for coin announcements every 3 seconds (in a separate thread)
2021-12-05 15:51:42,739 INFO: Checking for coin announcements every 3 seconds (in a separate thread)
2021-12-05 15:51:46,239 INFO: Checking for coin announcements every 3 seconds (in a separate thread)
2021-12-05 15:51:49,956 INFO: Checking for coin announcements every 3 seconds (in a separate thread)
2021-12-05 15:51:53,449 INFO: Checking for coin announcements every 3 seconds (in a separate thread)
2021-12-05 15:51:56,927 INFO: Checking for coin announcements every 3 seconds (in a separate thread)
2021-12-05 15:52:00,099 INFO: Checking for coin announcements every 3 seconds (in a separate thread)
2021-12-05 15:52:03,591 INFO: Checking for coin announcements every 3 seconds (in a separate thread)
2021-12-05 15:52:06,771 INFO: Checking for coin announcements every 3 seconds (in a separate thread)
2021-12-05 15:52:09,947 INFO: Checking for coin announcements every 3 seconds (in a separate thread)
2021-12-05 15:52:13,113 INFO: Checking for coin announcements every 3 seconds (in a separate thread)
2021-12-05 15:52:16,577 INFO: Checking for coin announcements every 3 seconds (in a separate thread)
2021-12-05 15:52:20,015 INFO: Checking for coin announcements every 3 seconds (in a separate thread)
2021-12-05 15:52:23,184 INFO: Checking for coin announcements every 3 seconds (in a separate thread)
2021-12-05 15:52:26,362 INFO: Checking for coin announcements every 3 seconds (in a separate thread)
2021-12-05 15:52:29,825 INFO: Checking for coin announcements every 3 seconds (in a separate thread)
2021-12-05 15:52:33,284 INFO: Checking for coin announcements every 3 seconds (in a separate thread)
2021-12-05 15:52:36,723 INFO: Checking for coin announcements every 3 seconds (in a separate thread)
2021-12-05 15:52:40,224 INFO: Checking for coin announcements every 3 seconds (in a separate thread)
2021-12-05 15:52:43,670 INFO: Checking for coin announcements every 3 seconds (in a separate thread)
2021-12-05 15:52:47,138 INFO: Checking for coin announcements every 3 seconds (in a separate thread)
2021-12-05 15:52:50,993 INFO: Checking for coin announcements every 3 seconds (in a separate thread)
2021-12-05 15:52:54,160 INFO: Checking for coin announcements every 3 seconds (in a separate thread)
2021-12-05 15:52:57,623 INFO: Checking for coin announcements every 3 seconds (in a separate thread)
2021-12-05 15:53:00,798 INFO: Checking for coin announcements every 3 seconds (in a separate thread)
2021-12-05 15:53:04,287 INFO: Checking for coin announcements every 3 seconds (in a separate thread)
2021-12-05 15:53:07,468 INFO: Checking for coin announcements every 3 seconds (in a separate thread)
2021-12-05 15:53:10,904 INFO: Checking for coin announcements every 3 seconds (in a separate thread)
2021-12-05 15:53:14,077 INFO: Checking for coin announcements every 3 seconds (in a separate thread)
2021-12-05 15:53:17,072 INFO: Getting the list of supported currencies from gate io
2021-12-05 15:53:17,573 INFO: Checking for coin announcements every 3 seconds (in a separate thread)
2021-12-05 15:53:17,794 INFO: List of gate io currencies saved to currencies.json. Waiting 5 minutes before refreshing list...
2021-12-05 15:53:21,046 INFO: Checking for coin announcements every 3 seconds (in a separate thread)
2021-12-05 15:53:24,501 INFO: Checking for coin announcements every 3 seconds (in a separate thread)
2021-12-05 15:53:27,931 INFO: Checking for coin announcements every 3 seconds (in a separate thread)
2021-12-05 15:53:31,098 INFO: Checking for coin announcements every 3 seconds (in a separate thread)
2021-12-05 15:53:34,593 INFO: Checking for coin announcements every 3 seconds (in a separate thread)
2021-12-05 15:53:37,762 INFO: Checking for coin announcements every 3 seconds (in a separate thread)
2021-12-05 15:53:40,931 INFO: Checking for coin announcements every 3 seconds (in a separate thread)
2021-12-05 15:53:44,403 INFO: Checking for coin announcements every 3 seconds (in a separate thread)
2021-12-05 15:53:47,929 INFO: Checking for coin announcements every 3 seconds (in a separate thread)
2021-12-05 15:53:51,659 INFO: Checking for coin announcements every 3 seconds (in a separate thread)
2021-12-05 15:53:55,156 INFO: Checking for coin announcements every 3 seconds (in a separate thread)
2021-12-05 15:53:58,631 INFO: Checking for coin announcements every 3 seconds (in a separate thread)
2021-12-05 15:54:02,084 INFO: Checking for coin announcements every 3 seconds (in a separate thread)
2021-12-05 15:54:05,527 INFO: Checking for coin announcements every 3 seconds (in a separate thread)
2021-12-05 15:54:09,002 INFO: Checking for coin announcements every 3 seconds (in a separate thread)
2021-12-05 15:54:12,475 INFO: Checking for coin announcements every 3 seconds (in a separate thread)
2021-12-05 15:54:15,649 INFO: Checking for coin announcements every 3 seconds (in a separate thread)
2021-12-05 15:54:18,817 INFO: Checking for coin announcements every 3 seconds (in a separate thread)
2021-12-05 15:54:22,283 INFO: Checking for coin announcements every 3 seconds (in a separate thread)
2021-12-05 15:54:25,732 INFO: Checking for coin announcements every 3 seconds (in a separate thread)
2021-12-05 15:54:28,908 INFO: Checking for coin announcements every 3 seconds (in a separate thread)
2021-12-05 15:54:32,070 INFO: Checking for coin announcements every 3 seconds (in a separate thread)
2021-12-05 15:54:35,232 INFO: Checking for coin announcements every 3 seconds (in a separate thread)
2021-12-05 15:54:38,674 INFO: Checking for coin announcements every 3 seconds (in a separate thread)
2021-12-05 15:54:41,851 INFO: Checking for coin announcements every 3 seconds (in a separate thread)
2021-12-05 15:54:45,290 INFO: Checking for coin announcements every 3 seconds (in a separate thread)
2021-12-05 15:54:48,708 INFO: Checking for coin announcements every 3 seconds (in a separate thread)
2021-12-05 15:54:51,886 INFO: Checking for coin announcements every 3 seconds (in a separate thread)
2021-12-05 15:54:55,334 INFO: Checking for coin announcements every 3 seconds (in a separate thread)
2021-12-05 15:54:58,796 INFO: Checking for coin announcements every 3 seconds (in a separate thread)
2021-12-05 15:55:02,276 INFO: Checking for coin announcements every 3 seconds (in a separate thread)
2021-12-05 15:55:05,732 INFO: Checking for coin announcements every 3 seconds (in a separate thread)
2021-12-05 15:55:09,240 INFO: Checking for coin announcements every 3 seconds (in a separate thread)
2021-12-05 15:55:12,681 INFO: Checking for coin announcements every 3 seconds (in a separate thread)
2021-12-05 15:55:16,132 INFO: Checking for coin announcements every 3 seconds (in a separate thread)
2021-12-05 15:55:19,599 INFO: Checking for coin announcements every 3 seconds (in a separate thread)
2021-12-05 15:55:23,034 INFO: Checking for coin announcements every 3 seconds (in a separate thread)
2021-12-05 15:55:26,513 INFO: Checking for coin announcements every 3 seconds (in a separate thread)
2021-12-05 15:55:29,987 INFO: Checking for coin announcements every 3 seconds (in a separate thread)
2021-12-05 15:55:33,429 INFO: Checking for coin announcements every 3 seconds (in a separate thread)
2021-12-05 15:55:36,902 INFO: Checking for coin announcements every 3 seconds (in a separate thread)
2021-12-05 15:55:40,374 INFO: Checking for coin announcements every 3 seconds (in a separate thread)
2021-12-05 15:55:43,831 INFO: Checking for coin announcements every 3 seconds (in a separate thread)
2021-12-05 15:55:47,295 INFO: Checking for coin announcements every 3 seconds (in a separate thread)
2021-12-05 15:55:50,985 INFO: Checking for coin announcements every 3 seconds (in a separate thread)
2021-12-05 15:55:54,157 INFO: Checking for coin announcements every 3 seconds (in a separate thread)
2021-12-05 15:55:57,331 INFO: Checking for coin announcements every 3 seconds (in a separate thread)
2021-12-05 15:56:00,507 INFO: Checking for coin announcements every 3 seconds (in a separate thread)
2021-12-05 15:56:03,694 INFO: Checking for coin announcements every 3 seconds (in a separate thread)
2021-12-05 15:56:07,161 INFO: Checking for coin announcements every 3 seconds (in a separate thread)
2021-12-05 15:56:10,617 INFO: Checking for coin announcements every 3 seconds (in a separate thread)
2021-12-05 15:56:14,048 INFO: Checking for coin announcements every 3 seconds (in a separate thread)
